生成启动时间为 2019/11/23 18:58:16。
     1>项目“E:\编程作业\S\C+.1123\C+.1123\C+.1123.vcxproj”在节点 2 上(Build 个目标)。
     1>ClCompile:
         E:\S文件\VC\bin\CL.exe /c /Zi /nologo /W3 /WX- /sdl /O2 /Oi /Oy- /GL /D _MBCS /Gm- /EHsc /MD /GS /Gy /fp:precise /Zc:wchar_t /Zc:forScope /Fo"Release\\" /Fd"Release\vc120.pdb" /Gd /TP /analyze- /errorReport:prompt main1.cpp main2.cpp
         main1.cpp
         main2.cpp
     1>E:\S文件\VC\include\xutility(371): error C2825: '_Iter': 当后面跟“::”时必须为类或命名空间
                 main2.cpp(16): 参见对正在编译的类 模板 实例化“std::iterator_traits<int>”的引用
     1>E:\S文件\VC\include\xutility(371): error C2039: “iterator_category”: 不是“`global namespace'”的成员
     1>E:\S文件\VC\include\xutility(371): error C2146: 语法错误: 缺少“;”(在标识符“iterator_category”的前面)
     1>E:\S文件\VC\include\xutility(371): error C2602: “std::iterator_traits<int>::iterator_category”不是“std::iterator_traits<int>”基类的成员
                 E:\S文件\VC\include\xutility(371) : 参见“std::iterator_traits<int>::iterator_category”的声明
     1>E:\S文件\VC\include\xutility(371): error C2868: “std::iterator_traits<int>::iterator_category”: 非法的 using 声明语法；应输入限定名
     1>E:\S文件\VC\include\xutility(372): error C2825: '_Iter': 当后面跟“::”时必须为类或命名空间
     1>E:\S文件\VC\include\xutility(372): error C2039: “value_type”: 不是“`global namespace'”的成员
     1>E:\S文件\VC\include\xutility(372): error C2146: 语法错误: 缺少“;”(在标识符“value_type”的前面)
     1>E:\S文件\VC\include\xutility(372): error C2602: “std::iterator_traits<int>::value_type”不是“std::iterator_traits<int>”基类的成员
                 E:\S文件\VC\include\xutility(372) : 参见“std::iterator_traits<int>::value_type”的声明
     1>E:\S文件\VC\include\xutility(372): error C2868: “std::iterator_traits<int>::value_type”: 非法的 using 声明语法；应输入限定名
     1>E:\S文件\VC\include\xutility(373): error C2825: '_Iter': 当后面跟“::”时必须为类或命名空间
     1>E:\S文件\VC\include\xutility(373): error C2039: “difference_type”: 不是“`global namespace'”的成员
     1>E:\S文件\VC\include\xutility(373): error C2146: 语法错误: 缺少“;”(在标识符“difference_type”的前面)
     1>E:\S文件\VC\include\xutility(373): error C2602: “std::iterator_traits<int>::difference_type”不是“std::iterator_traits<int>”基类的成员
                 E:\S文件\VC\include\xutility(373) : 参见“std::iterator_traits<int>::difference_type”的声明
     1>E:\S文件\VC\include\xutility(373): error C2868: “std::iterator_traits<int>::difference_type”: 非法的 using 声明语法；应输入限定名
     1>E:\S文件\VC\include\xutility(375): error C2825: '_Iter': 当后面跟“::”时必须为类或命名空间
     1>E:\S文件\VC\include\xutility(375): error C2039: “pointer”: 不是“`global namespace'”的成员
     1>E:\S文件\VC\include\xutility(375): error C2146: 语法错误: 缺少“;”(在标识符“pointer”的前面)
     1>E:\S文件\VC\include\xutility(375): error C2602: “std::iterator_traits<int>::pointer”不是“std::iterator_traits<int>”基类的成员
                 E:\S文件\VC\include\xutility(375) : 参见“std::iterator_traits<int>::pointer”的声明
     1>E:\S文件\VC\include\xutility(375): error C2868: “std::iterator_traits<int>::pointer”: 非法的 using 声明语法；应输入限定名
     1>E:\S文件\VC\include\xutility(376): error C2825: '_Iter': 当后面跟“::”时必须为类或命名空间
     1>E:\S文件\VC\include\xutility(376): error C2039: “reference”: 不是“`global namespace'”的成员
     1>E:\S文件\VC\include\xutility(376): error C2146: 语法错误: 缺少“;”(在标识符“reference”的前面)
     1>E:\S文件\VC\include\xutility(376): error C2602: “std::iterator_traits<int>::reference”不是“std::iterator_traits<int>”基类的成员
                 E:\S文件\VC\include\xutility(376) : 参见“std::iterator_traits<int>::reference”的声明
     1>E:\S文件\VC\include\xutility(376): error C2868: “std::iterator_traits<int>::reference”: 非法的 using 声明语法；应输入限定名
     1>已完成生成项目“E:\编程作业\S\C+.1123\C+.1123\C+.1123.vcxproj”(Build 个目标)的操作 - 失败。

生成失败。

已用时间 00:00:00.68
